src/app/dashboard/assignments/[id]/edit/page.tsx(74,30): error TS2345: Argument of type 'Json[]' is not assignable to parameter of type 'SetStateAction<Question[]>'.
  Type 'Json[]' is not assignable to type 'Question[]'.
    Type 'Json' is not assignable to type 'Question'.
      Type 'null' is not assignable to type 'Question'.
src/app/dashboard/results/page.tsx(340,33): error TS2558: Expected 0 type arguments, but got 1.
src/app/dashboard/results/page.tsx(365,25): error TS2345: Argument of type '{ id: string; full_name: string; email: string; school_name: string | null; section_class: string | null; school_id: string | null; photo_url: string | null; }[]' is not assignable to parameter of type 'SetStateAction<{ bio: string | null; created_at: string | null; current_module: string | null; date_of_birth: string | null; email: string; email_verified: boolean | null; enrollment_type: string | null; ... 14 more ...; updated_at: string | null; }[]>'.
  Type '{ id: string; full_name: string; email: string; school_name: string | null; section_class: string | null; school_id: string | null; photo_url: string | null; }[]' is not assignable to type '{ bio: string | null; created_at: string | null; current_module: string | null; date_of_birth: string | null; email: string; email_verified: boolean | null; enrollment_type: string | null; ... 14 more ...; updated_at: string | null; }[]'.
    Type '{ id: string; full_name: string; email: string; school_name: string | null; section_class: string | null; school_id: string | null; photo_url: string | null; }' is missing the following properties from type '{ bio: string | null; created_at: string | null; current_module: string | null; date_of_birth: string | null; email: string; email_verified: boolean | null; enrollment_type: string | null; ... 14 more ...; updated_at: string | null; }': bio, created_at, current_module, date_of_birth, and 11 more.
src/app/dashboard/results/page.tsx(368,89): error TS2740: Type '{ student_id: string; overall_grade: string | null; is_published: boolean | null; updated_at: string | null; }' is missing the following properties from type '{ areas_for_growth: string | null; assignments_grade: string | null; attendance_score: number | null; certificate_text: string | null; course_completed: string | null; course_duration: string | null; ... 31 more ...; verification_code: string | null; }': areas_for_growth, assignments_grade, attendance_score, certificate_text, and 30 more.
src/app/dashboard/results/page.tsx(382,45): error TS2558: Expected 0 type arguments, but got 1.
src/app/dashboard/results/page.tsx(449,47): error TS2552: Cannot find name 'reports'. Did you mean 'Report'?
src/app/dashboard/results/page.tsx(450,54): error TS2304: Cannot find name 'selected'.
src/app/dashboard/results/page.tsx(452,75): error TS2304: Cannot find name 'loadStudentReport'.
src/app/dashboard/results/page.tsx(489,49): error TS2304: Cannot find name 'selected'.
src/app/dashboard/results/page.tsx(490,91): error TS2304: Cannot find name 'selected'.
src/components/dashboard/unified-single-report.tsx(11,26): error TS2307: Cannot find module '@/components/ui/checkbox' or its corresponding type declarations.
src/components/dashboard/unified-single-report.tsx(13,24): error TS2307: Cannot find module '@/components/ui/switch' or its corresponding type declarations.
src/components/dashboard/unified-single-report.tsx(14,31): error TS2307: Cannot find module '@/components/report-content' or its corresponding type declarations.
src/components/dashboard/unified-single-report.tsx(15,30): error TS2307: Cannot find module '@/components/print-preview' or its corresponding type declarations.
src/components/dashboard/unified-single-report.tsx(16,48): error TS2307: Cannot find module '@/components/intelligent-suggestions-dropdown' or its corresponding type declarations.
src/components/dashboard/unified-single-report.tsx(17,40): error TS2307: Cannot find module '@/components/unified-report-generator' or its corresponding type declarations.
src/components/dashboard/unified-single-report.tsx(18,33): error TS2307: Cannot find module '@/hooks/use-pdf-generator' or its corresponding type declarations.
src/components/dashboard/unified-single-report.tsx(19,29): error TS2307: Cannot find module '@/hooks/use-settings' or its corresponding type declarations.
src/components/dashboard/unified-single-report.tsx(20,33): error TS2307: Cannot find module '@/hooks/use-saved-reports' or its corresponding type declarations.
src/components/dashboard/unified-single-report.tsx(21,26): error TS2307: Cannot find module '@/hooks/use-toast' or its corresponding type declarations.
src/components/dashboard/unified-single-report.tsx(22,25): error TS2307: Cannot find module 'html2canvas' or its corresponding type declarations.
src/components/dashboard/unified-single-report.tsx(629,13): error TS2304: Cannot find name 'onReportGenerated'.
src/components/dashboard/unified-single-report.tsx(631,11): error TS2304: Cannot find name 'onReportGenerated'.
src/components/dashboard/unified-single-report.tsx(1668,59): error TS7006: Parameter 'checked' implicitly has an 'any' type.
src/components/dashboard/unified-single-report.tsx(1794,40): error TS7006: Parameter 'content' implicitly has an 'any' type.
src/components/dashboard/unified-single-report.tsx(1839,40): error TS7006: Parameter 'content' implicitly has an 'any' type.
src/components/dashboard/unified-single-report.tsx(1885,38): error TS7006: Parameter 'content' implicitly has an 'any' type.
src/components/dashboard/unified-single-report.tsx(1947,45): error TS7006: Parameter 'checked' implicitly has an 'any' type.
src/single report old template file.tsx(6,23): error TS1261: Already included file name 'C:/Users/USER/Downloads/rillcod-academy-main/rillcod-academy-main/src/components/ui/label.tsx' differs from file name 'C:/Users/USER/Downloads/rillcod-academy-main/rillcod-academy-main/src/components/ui/Label.tsx' only in casing.
  The file is in the program because:
    Imported via "@/components/ui/label" from file 'C:/Users/USER/Downloads/rillcod-academy-main/rillcod-academy-main/src/single report old template file.tsx'
    Imported via "@/components/ui/label" from file 'C:/Users/USER/Downloads/rillcod-academy-main/rillcod-academy-main/src/components/dashboard/unified-single-report.tsx'
    Matched by include pattern '**/*.tsx' in 'C:/Users/USER/Downloads/rillcod-academy-main/rillcod-academy-main/tsconfig.json'
src/single report old template file.tsx(11,26): error TS2307: Cannot find module '@/components/ui/checkbox' or its corresponding type declarations.
src/single report old template file.tsx(13,24): error TS2307: Cannot find module '@/components/ui/switch' or its corresponding type declarations.
src/single report old template file.tsx(14,31): error TS2307: Cannot find module '@/components/report-content' or its corresponding type declarations.
src/single report old template file.tsx(15,30): error TS2307: Cannot find module '@/components/print-preview' or its corresponding type declarations.
src/single report old template file.tsx(16,48): error TS2307: Cannot find module '@/components/intelligent-suggestions-dropdown' or its corresponding type declarations.
src/single report old template file.tsx(17,40): error TS2307: Cannot find module '@/components/unified-report-generator' or its corresponding type declarations.
src/single report old template file.tsx(18,33): error TS2307: Cannot find module '@/hooks/use-pdf-generator' or its corresponding type declarations.
src/single report old template file.tsx(19,29): error TS2307: Cannot find module '@/hooks/use-settings' or its corresponding type declarations.
src/single report old template file.tsx(20,33): error TS2307: Cannot find module '@/hooks/use-saved-reports' or its corresponding type declarations.
src/single report old template file.tsx(21,26): error TS2307: Cannot find module '@/hooks/use-toast' or its corresponding type declarations.
src/single report old template file.tsx(22,25): error TS2307: Cannot find module 'html2canvas' or its corresponding type declarations.
src/single report old template file.tsx(629,21): error TS2304: Cannot find name 'onReportGenerated'.
src/single report old template file.tsx(631,21): error TS2304: Cannot find name 'onReportGenerated'.
src/single report old template file.tsx(1666,99): error TS7006: Parameter 'checked' implicitly has an 'any' type.
src/single report old template file.tsx(1792,68): error TS7006: Parameter 'content' implicitly has an 'any' type.
src/single report old template file.tsx(1837,68): error TS7006: Parameter 'content' implicitly has an 'any' type.
src/single report old template file.tsx(1883,64): error TS7006: Parameter 'content' implicitly has an 'any' type.
src/single report old template file.tsx(1945,71): error TS7006: Parameter 'checked' implicitly has an 'any' type.
